<?xml version="1.0" encoding="UTF-8"?>
<!-- Generated by org.testng.reporters.JUnitXMLReporter -->
<testsuite ignored="0" hostname="Neelakanta" failures="0" tests="2" name="EdgeTest" time="194.863" errors="0" timestamp="2026-01-03T12:12:59 PST">
  <testcase classname="testCases.TC001_AccountRegistrationTest" name="verify_account_registration" time="0.0">
    <skipped/>
  </testcase> <!-- verify_account_registration -->
  <testcase classname="testCases.TC002_LoginTest" name="verify_logintest" time="7.926"/>
</testsuite> <!-- EdgeTest -->
