<?xml version="1.0" encoding="UTF-8"?>
<!-- Generated by org.testng.reporters.JUnitXMLReporter -->
<testsuite ignored="0" hostname="Neelakanta" failures="2" tests="7" name="Test" time="74.963" errors="0" timestamp="2025-12-28T11:27:12 PST">
  <testcase classname="testCases.TC003_LoginDDT" name="verify_loginDDT" time="3.047"/>
  <testcase classname="testCases.TC003_LoginDDT" name="verify_loginDDT" time="10.146">
    <failure type="java.lang.AssertionError" message="null">
      <![CDATA[java.lang.AssertionError: null
at testCases.TC003_LoginDDT.verify_loginDDT(TC003_LoginDDT.java:70)
at java.base/java.util.ArrayList.forEach(ArrayList.java:1596)
... Removed 27 stack frames]]>
    </failure>
  </testcase> <!-- verify_loginDDT -->
  <testcase classname="testCases.TC003_LoginDDT" name="verify_loginDDT" time="10.191">
    <failure type="java.lang.AssertionError" message="null">
      <![CDATA[java.lang.AssertionError: null
at testCases.TC003_LoginDDT.verify_loginDDT(TC003_LoginDDT.java:70)
at java.base/java.util.ArrayList.forEach(ArrayList.java:1596)
... Removed 27 stack frames]]>
    </failure>
  </testcase> <!-- verify_loginDDT -->
  <testcase classname="testCases.TC003_LoginDDT" name="verify_loginDDT" time="12.77"/>
  <testcase classname="testCases.TC003_LoginDDT" name="verify_loginDDT" time="11.547"/>
  <testcase classname="testCases.TC003_LoginDDT" name="verify_loginDDT" time="3.156"/>
  <testcase classname="testCases.TC003_LoginDDT" name="verify_loginDDT" time="11.08"/>
</testsuite> <!-- Test -->
