<?xml version="1.0" encoding="UTF-8"?>
<testng-results ignored="0" total="4" passed="4" failed="0" skipped="0">
  <reporter-output>
  </reporter-output>
  <suite started-at="2026-01-05T19:04:54 PST" name="Suite" finished-at="2026-01-05T19:05:45 PST" duration-ms="50550">
    <groups>
      <group name="Master">
        <method signature="TC001_AccountRegistrationTest.verify_account_registration()[pri:0, instance:testCases.TC001_AccountRegistrationTest@64ba3208]" name="verify_account_registration" class="testCases.TC001_AccountRegistrationTest"/>
        <method signature="TC002_LoginTest.verify_logintest()[pri:0, instance:testCases.TC002_LoginTest@3e821657]" name="verify_logintest" class="testCases.TC002_LoginTest"/>
        <method signature="TC001_AccountRegistrationTest.verify_account_registration()[pri:0, instance:testCases.TC001_AccountRegistrationTest@5cdd09b1]" name="verify_account_registration" class="testCases.TC001_AccountRegistrationTest"/>
        <method signature="TC002_LoginTest.verify_logintest()[pri:0, instance:testCases.TC002_LoginTest@8c11eee]" name="verify_logintest" class="testCases.TC002_LoginTest"/>
      </group> <!-- Master -->
      <group name="Sanity">
        <method signature="TC002_LoginTest.verify_logintest()[pri:0, instance:testCases.TC002_LoginTest@3e821657]" name="verify_logintest" class="testCases.TC002_LoginTest"/>
        <method signature="TC002_LoginTest.verify_logintest()[pri:0, instance:testCases.TC002_LoginTest@8c11eee]" name="verify_logintest" class="testCases.TC002_LoginTest"/>
      </group> <!-- Sanity -->
      <group name="Regression">
        <method signature="TC001_AccountRegistrationTest.verify_account_registration()[pri:0, instance:testCases.TC001_AccountRegistrationTest@64ba3208]" name="verify_account_registration" class="testCases.TC001_AccountRegistrationTest"/>
        <method signature="TC001_AccountRegistrationTest.verify_account_registration()[pri:0, instance:testCases.TC001_AccountRegistrationTest@5cdd09b1]" name="verify_account_registration" class="testCases.TC001_AccountRegistrationTest"/>
      </group> <!-- Regression -->
    </groups>
    <test started-at="2026-01-05T19:04:54 PST" name=" Linux-Chrome" finished-at="2026-01-05T19:05:16 PST" duration-ms="21588">
      <class name="testCases.TC002_LoginTest">
        <test-method is-config="true" signature="setup(java.lang.String,java.lang.String)[pri:0, instance:testCases.TC002_LoginTest@3e821657]" started-at="2026-01-05T19:05:06 PST" name="setup" finished-at="2026-01-05T19:05:10 PST" duration-ms="3608" status="PASS">
          <params>
            <param index="0">
              <value>
                <![CDATA[chrome]]>
              </value>
            </param>
            <param index="1">
              <value>
                <![CDATA[linux]]>
              </value>
            </param>
          </params>
          <reporter-output>
          </reporter-output>
        </test-method> <!-- setup -->
        <test-method signature="verify_logintest()[pri:0, instance:testCases.TC002_LoginTest@3e821657]" started-at="2026-01-05T19:05:10 PST" name="verify_logintest" finished-at="2026-01-05T19:05:16 PST" duration-ms="6133" status="PASS">
          <reporter-output>
          </reporter-output>
        </test-method> <!-- verify_logintest -->
        <test-method is-config="true" signature="tearDown()[pri:0, instance:testCases.TC002_LoginTest@3e821657]" started-at="2026-01-05T19:05:16 PST" name="tearDown" finished-at="2026-01-05T19:05:16 PST" duration-ms="119" status="PASS">
          <reporter-output>
          </reporter-output>
        </test-method> <!-- tearDown -->
      </class> <!-- testCases.TC002_LoginTest -->
      <class name="testCases.TC001_AccountRegistrationTest">
        <test-method is-config="true" signature="setup(java.lang.String,java.lang.String)[pri:0, instance:testCases.TC001_AccountRegistrationTest@64ba3208]" started-at="2026-01-05T19:04:55 PST" name="setup" finished-at="2026-01-05T19:04:58 PST" duration-ms="3762" status="PASS">
          <params>
            <param index="0">
              <value>
                <![CDATA[chrome]]>
              </value>
            </param>
            <param index="1">
              <value>
                <![CDATA[linux]]>
              </value>
            </param>
          </params>
          <reporter-output>
          </reporter-output>
        </test-method> <!-- setup -->
        <test-method signature="verify_account_registration()[pri:0, instance:testCases.TC001_AccountRegistrationTest@64ba3208]" started-at="2026-01-05T19:04:58 PST" name="verify_account_registration" finished-at="2026-01-05T19:05:06 PST" duration-ms="7687" status="PASS">
          <reporter-output>
          </reporter-output>
        </test-method> <!-- verify_account_registration -->
        <test-method is-config="true" signature="tearDown()[pri:0, instance:testCases.TC001_AccountRegistrationTest@64ba3208]" started-at="2026-01-05T19:05:06 PST" name="tearDown" finished-at="2026-01-05T19:05:06 PST" duration-ms="122" status="PASS">
          <reporter-output>
          </reporter-output>
        </test-method> <!-- tearDown -->
      </class> <!-- testCases.TC001_AccountRegistrationTest -->
    </test> <!--  Linux-Chrome -->
    <test started-at="2026-01-05T19:05:17 PST" name=" Linux-Firefox" finished-at="2026-01-05T19:05:45 PST" duration-ms="27977">
      <class name="testCases.TC002_LoginTest">
        <test-method is-config="true" signature="setup(java.lang.String,java.lang.String)[pri:0, instance:testCases.TC002_LoginTest@8c11eee]" started-at="2026-01-05T19:05:30 PST" name="setup" finished-at="2026-01-05T19:05:37 PST" duration-ms="6316" status="PASS">
          <params>
            <param index="0">
              <value>
                <![CDATA[firefox]]>
              </value>
            </param>
            <param index="1">
              <value>
                <![CDATA[linux]]>
              </value>
            </param>
          </params>
          <reporter-output>
          </reporter-output>
        </test-method> <!-- setup -->
        <test-method signature="verify_logintest()[pri:0, instance:testCases.TC002_LoginTest@8c11eee]" started-at="2026-01-05T19:05:37 PST" name="verify_logintest" finished-at="2026-01-05T19:05:44 PST" duration-ms="7794" status="PASS">
          <reporter-output>
          </reporter-output>
        </test-method> <!-- verify_logintest -->
        <test-method is-config="true" signature="tearDown()[pri:0, instance:testCases.TC002_LoginTest@8c11eee]" started-at="2026-01-05T19:05:44 PST" name="tearDown" finished-at="2026-01-05T19:05:45 PST" duration-ms="581" status="PASS">
          <reporter-output>
          </reporter-output>
        </test-method> <!-- tearDown -->
      </class> <!-- testCases.TC002_LoginTest -->
      <class name="testCases.TC001_AccountRegistrationTest">
        <test-method is-config="true" signature="setup(java.lang.String,java.lang.String)[pri:0, instance:testCases.TC001_AccountRegistrationTest@5cdd09b1]" started-at="2026-01-05T19:05:17 PST" name="setup" finished-at="2026-01-05T19:05:23 PST" duration-ms="5940" status="PASS">
          <params>
            <param index="0">
              <value>
                <![CDATA[firefox]]>
              </value>
            </param>
            <param index="1">
              <value>
                <![CDATA[linux]]>
              </value>
            </param>
          </params>
          <reporter-output>
          </reporter-output>
        </test-method> <!-- setup -->
        <test-method signature="verify_account_registration()[pri:0, instance:testCases.TC001_AccountRegistrationTest@5cdd09b1]" started-at="2026-01-05T19:05:23 PST" name="verify_account_registration" finished-at="2026-01-05T19:05:30 PST" duration-ms="6751" status="PASS">
          <reporter-output>
          </reporter-output>
        </test-method> <!-- verify_account_registration -->
        <test-method is-config="true" signature="tearDown()[pri:0, instance:testCases.TC001_AccountRegistrationTest@5cdd09b1]" started-at="2026-01-05T19:05:30 PST" name="tearDown" finished-at="2026-01-05T19:05:30 PST" duration-ms="588" status="PASS">
          <reporter-output>
          </reporter-output>
        </test-method> <!-- tearDown -->
      </class> <!-- testCases.TC001_AccountRegistrationTest -->
    </test> <!--  Linux-Firefox -->
  </suite> <!-- Suite -->
</testng-results>
