<?xml version="1.0" encoding="UTF-8"?>
<!-- Generated by org.testng.reporters.JUnitReportReporter -->
<testsuite hostname="Neelakanta" failures="0" tests="2" name="testCases.TC001_AccountRegistrationTest" time="14.438" errors="0" timestamp="2026-01-05T19:05:46 PST" skipped="0">
  <testcase classname="testCases.TC001_AccountRegistrationTest" name="verify_account_registration" time="7.687"/>
  <testcase classname="testCases.TC001_AccountRegistrationTest" name="verify_account_registration" time="6.751"/>
</testsuite> <!-- testCases.TC001_AccountRegistrationTest -->
